2025-06-22 22:53:59.274 [main] INFO  org.apache.curator.framework.imps.CuratorFrameworkImpl - Starting
2025-06-22 22:53:59.274 [main] INFO  org.apache.curator.framework.imps.CuratorFrameworkImpl - Starting
2025-06-22 22:53:59.281 [main] INFO  org.apache.zookeeper.ZooKeeper - Client environment:zookeeper.version=3.7.1-a2fb57c55f8e59cdd76c34b357ad5181df1258d5, built on 2022-05-07 06:45 UTC
2025-06-22 22:53:59.281 [main] INFO  org.apache.zookeeper.ZooKeeper - Client environment:zookeeper.version=3.7.1-a2fb57c55f8e59cdd76c34b357ad5181df1258d5, built on 2022-05-07 06:45 UTC
2025-06-22 22:53:59.282 [main] INFO  org.apache.zookeeper.ZooKeeper - Client environment:host.name=PC
2025-06-22 22:53:59.282 [main] INFO  org.apache.zookeeper.ZooKeeper - Client environment:host.name=PC
2025-06-22 22:53:59.282 [main] INFO  org.apache.zookeeper.ZooKeeper - Client environment:java.version=1.8.0_361
2025-06-22 22:53:59.282 [main] INFO  org.apache.zookeeper.ZooKeeper - Client environment:java.version=1.8.0_361
2025-06-22 22:53:59.282 [main] INFO  org.apache.zookeeper.ZooKeeper - Client environment:java.vendor=Oracle Corporation
2025-06-22 22:53:59.282 [main] INFO  org.apache.zookeeper.ZooKeeper - Client environment:java.vendor=Oracle Corporation
2025-06-22 22:53:59.282 [main] INFO  org.apache.zookeeper.ZooKeeper - Client environment:java.home=E:\Java\jdk1.8.0_361\jre
2025-06-22 22:53:59.282 [main] INFO  org.apache.zookeeper.ZooKeeper - Client environment:java.home=E:\Java\jdk1.8.0_361\jre
2025-06-22 22:53:59.282 [main] INFO  org.apache.zookeeper.ZooKeeper - Client environment:java.class.path=E:\Java\jdk1.8.0_361\jre\lib\charsets.jar;E:\Java\jdk1.8.0_361\jre\lib\deploy.jar;E:\Java\jdk1.8.0_361\jre\lib\ext\access-bridge-64.jar;E:\Java\jdk1.8.0_361\jre\lib\ext\cldrdata.jar;E:\Java\jdk1.8.0_361\jre\lib\ext\dnsns.jar;E:\Java\jdk1.8.0_361\jre\lib\ext\jaccess.jar;E:\Java\jdk1.8.0_361\jre\lib\ext\jfxrt.jar;E:\Java\jdk1.8.0_361\jre\lib\ext\localedata.jar;E:\Java\jdk1.8.0_361\jre\lib\ext\nashorn.jar;E:\Java\jdk1.8.0_361\jre\lib\ext\sunec.jar;E:\Java\jdk1.8.0_361\jre\lib\ext\sunjce_provider.jar;E:\Java\jdk1.8.0_361\jre\lib\ext\sunmscapi.jar;E:\Java\jdk1.8.0_361\jre\lib\ext\sunpkcs11.jar;E:\Java\jdk1.8.0_361\jre\lib\ext\zipfs.jar;E:\Java\jdk1.8.0_361\jre\lib\javaws.jar;E:\Java\jdk1.8.0_361\jre\lib\jce.jar;E:\Java\jdk1.8.0_361\jre\lib\jfr.jar;E:\Java\jdk1.8.0_361\jre\lib\jfxswt.jar;E:\Java\jdk1.8.0_361\jre\lib\jsse.jar;E:\Java\jdk1.8.0_361\jre\lib\management-agent.jar;E:\Java\jdk1.8.0_361\jre\lib\plugin.jar;E:\Java\jdk1.8.0_361\jre\lib\resources.jar;E:\Java\jdk1.8.0_361\jre\lib\rt.jar;E:\IdeaProjects\goldCode\target\classes;E:\maven-repository\org\apache\curator\curator-framework\5.4.0\curator-framework-5.4.0.jar;E:\maven-repository\org\apache\curator\curator-client\5.4.0\curator-client-5.4.0.jar;E:\maven-repository\org\apache\zookeeper\zookeeper\3.7.1\zookeeper-3.7.1.jar;E:\maven-repository\org\apache\zookeeper\zookeeper-jute\3.7.1\zookeeper-jute-3.7.1.jar;E:\maven-repository\org\apache\yetus\audience-annotations\0.12.0\audience-annotations-0.12.0.jar;E:\maven-repository\io\netty\netty-handler\4.1.76.Final\netty-handler-4.1.76.Final.jar;E:\maven-repository\io\netty\netty-common\4.1.76.Final\netty-common-4.1.76.Final.jar;E:\maven-repository\io\netty\netty-resolver\4.1.76.Final\netty-resolver-4.1.76.Final.jar;E:\maven-repository\io\netty\netty-buffer\4.1.76.Final\netty-buffer-4.1.76.Final.jar;E:\maven-repository\io\netty\netty-transport\4.1.76.Final\netty-transport-4.1.76.Final.jar;E:\maven-repository\io\netty\netty-codec\4.1.76.Final\netty-codec-4.1.76.Final.jar;E:\maven-repository\io\netty\netty-transport-native-epoll\4.1.76.Final\netty-transport-native-epoll-4.1.76.Final.jar;E:\maven-repository\io\netty\netty-transport-native-unix-common\4.1.76.Final\netty-transport-native-unix-common-4.1.76.Final.jar;E:\maven-repository\io\netty\netty-transport-classes-epoll\4.1.76.Final\netty-transport-classes-epoll-4.1.76.Final.jar;E:\maven-repository\com\google\guava\guava\31.1-jre\guava-31.1-jre.jar;E:\maven-repository\com\google\guava\failureaccess\1.0.1\failureaccess-1.0.1.jar;E:\maven-repository\com\google\guava\listenablefuture\9999.0-empty-to-avoid-conflict-with-guava\listenablefuture-9999.0-empty-to-avoid-conflict-with-guava.jar;E:\maven-repository\com\google\code\findbugs\jsr305\3.0.2\jsr305-3.0.2.jar;E:\maven-repository\org\checkerframework\checker-qual\3.12.0\checker-qual-3.12.0.jar;E:\maven-repository\com\google\errorprone\error_prone_annotations\2.11.0\error_prone_annotations-2.11.0.jar;E:\maven-repository\com\google\j2objc\j2objc-annotations\1.3\j2objc-annotations-1.3.jar;E:\maven-repository\org\apache\curator\curator-recipes\5.4.0\curator-recipes-5.4.0.jar;E:\maven-repository\org\slf4j\slf4j-api\1.7.36\slf4j-api-1.7.36.jar;E:\maven-repository\org\apache\logging\log4j\log4j-slf4j-impl\2.20.0\log4j-slf4j-impl-2.20.0.jar;E:\maven-repository\org\apache\logging\log4j\log4j-core\2.20.0\log4j-core-2.20.0.jar;E:\maven-repository\org\apache\logging\log4j\log4j-api\2.20.0\log4j-api-2.20.0.jar;D:\IntelliJ IDEA 2024.1.1\lib\idea_rt.jar
2025-06-22 22:53:59.282 [main] INFO  org.apache.zookeeper.ZooKeeper - Client environment:java.class.path=E:\Java\jdk1.8.0_361\jre\lib\charsets.jar;E:\Java\jdk1.8.0_361\jre\lib\deploy.jar;E:\Java\jdk1.8.0_361\jre\lib\ext\access-bridge-64.jar;E:\Java\jdk1.8.0_361\jre\lib\ext\cldrdata.jar;E:\Java\jdk1.8.0_361\jre\lib\ext\dnsns.jar;E:\Java\jdk1.8.0_361\jre\lib\ext\jaccess.jar;E:\Java\jdk1.8.0_361\jre\lib\ext\jfxrt.jar;E:\Java\jdk1.8.0_361\jre\lib\ext\localedata.jar;E:\Java\jdk1.8.0_361\jre\lib\ext\nashorn.jar;E:\Java\jdk1.8.0_361\jre\lib\ext\sunec.jar;E:\Java\jdk1.8.0_361\jre\lib\ext\sunjce_provider.jar;E:\Java\jdk1.8.0_361\jre\lib\ext\sunmscapi.jar;E:\Java\jdk1.8.0_361\jre\lib\ext\sunpkcs11.jar;E:\Java\jdk1.8.0_361\jre\lib\ext\zipfs.jar;E:\Java\jdk1.8.0_361\jre\lib\javaws.jar;E:\Java\jdk1.8.0_361\jre\lib\jce.jar;E:\Java\jdk1.8.0_361\jre\lib\jfr.jar;E:\Java\jdk1.8.0_361\jre\lib\jfxswt.jar;E:\Java\jdk1.8.0_361\jre\lib\jsse.jar;E:\Java\jdk1.8.0_361\jre\lib\management-agent.jar;E:\Java\jdk1.8.0_361\jre\lib\plugin.jar;E:\Java\jdk1.8.0_361\jre\lib\resources.jar;E:\Java\jdk1.8.0_361\jre\lib\rt.jar;E:\IdeaProjects\goldCode\target\classes;E:\maven-repository\org\apache\curator\curator-framework\5.4.0\curator-framework-5.4.0.jar;E:\maven-repository\org\apache\curator\curator-client\5.4.0\curator-client-5.4.0.jar;E:\maven-repository\org\apache\zookeeper\zookeeper\3.7.1\zookeeper-3.7.1.jar;E:\maven-repository\org\apache\zookeeper\zookeeper-jute\3.7.1\zookeeper-jute-3.7.1.jar;E:\maven-repository\org\apache\yetus\audience-annotations\0.12.0\audience-annotations-0.12.0.jar;E:\maven-repository\io\netty\netty-handler\4.1.76.Final\netty-handler-4.1.76.Final.jar;E:\maven-repository\io\netty\netty-common\4.1.76.Final\netty-common-4.1.76.Final.jar;E:\maven-repository\io\netty\netty-resolver\4.1.76.Final\netty-resolver-4.1.76.Final.jar;E:\maven-repository\io\netty\netty-buffer\4.1.76.Final\netty-buffer-4.1.76.Final.jar;E:\maven-repository\io\netty\netty-transport\4.1.76.Final\netty-transport-4.1.76.Final.jar;E:\maven-repository\io\netty\netty-codec\4.1.76.Final\netty-codec-4.1.76.Final.jar;E:\maven-repository\io\netty\netty-transport-native-epoll\4.1.76.Final\netty-transport-native-epoll-4.1.76.Final.jar;E:\maven-repository\io\netty\netty-transport-native-unix-common\4.1.76.Final\netty-transport-native-unix-common-4.1.76.Final.jar;E:\maven-repository\io\netty\netty-transport-classes-epoll\4.1.76.Final\netty-transport-classes-epoll-4.1.76.Final.jar;E:\maven-repository\com\google\guava\guava\31.1-jre\guava-31.1-jre.jar;E:\maven-repository\com\google\guava\failureaccess\1.0.1\failureaccess-1.0.1.jar;E:\maven-repository\com\google\guava\listenablefuture\9999.0-empty-to-avoid-conflict-with-guava\listenablefuture-9999.0-empty-to-avoid-conflict-with-guava.jar;E:\maven-repository\com\google\code\findbugs\jsr305\3.0.2\jsr305-3.0.2.jar;E:\maven-repository\org\checkerframework\checker-qual\3.12.0\checker-qual-3.12.0.jar;E:\maven-repository\com\google\errorprone\error_prone_annotations\2.11.0\error_prone_annotations-2.11.0.jar;E:\maven-repository\com\google\j2objc\j2objc-annotations\1.3\j2objc-annotations-1.3.jar;E:\maven-repository\org\apache\curator\curator-recipes\5.4.0\curator-recipes-5.4.0.jar;E:\maven-repository\org\slf4j\slf4j-api\1.7.36\slf4j-api-1.7.36.jar;E:\maven-repository\org\apache\logging\log4j\log4j-slf4j-impl\2.20.0\log4j-slf4j-impl-2.20.0.jar;E:\maven-repository\org\apache\logging\log4j\log4j-core\2.20.0\log4j-core-2.20.0.jar;E:\maven-repository\org\apache\logging\log4j\log4j-api\2.20.0\log4j-api-2.20.0.jar;D:\IntelliJ IDEA 2024.1.1\lib\idea_rt.jar
2025-06-22 22:53:59.282 [main] INFO  org.apache.zookeeper.ZooKeeper - Client environment:java.library.path=E:\Java\jdk1.8.0_361\bin;C:\WINDOWS\Sun\Java\bin;C:\WINDOWS\system32;C:\WINDOWS;D:\VMware\VMware Workstation\bin\;C:\Program Files (x86)\NVIDIA Corporation\PhysX\Common;C:\WINDOWS\system32;C:\WINDOWS;C:\WINDOWS\System32\Wbem;C:\WINDOWS\System32\WindowsPowerShell\v1.0\;C:\WINDOWS\System32\OpenSSH\;D:\Git\cmd;E:\Java\jdk1.8.0_361\bin;E:\apache-maven-3.8.4\bin;D:\Xshell7\;C:\Program Files\dotnet\;C:\Program Files\MySQL\MySQL Shell 8.0\bin\;C:\Users\Administrator\AppData\Local\Microsoft\WindowsApps;D:\IntelliJ IDEA 2024.1.1\bin;;H:\QQgame\Hall.58319\;C:\Users\Administrator\AppData\Local\GitHubDesktop\bin;D:\cursor\resources\app\bin;.
2025-06-22 22:53:59.282 [main] INFO  org.apache.zookeeper.ZooKeeper - Client environment:java.library.path=E:\Java\jdk1.8.0_361\bin;C:\WINDOWS\Sun\Java\bin;C:\WINDOWS\system32;C:\WINDOWS;D:\VMware\VMware Workstation\bin\;C:\Program Files (x86)\NVIDIA Corporation\PhysX\Common;C:\WINDOWS\system32;C:\WINDOWS;C:\WINDOWS\System32\Wbem;C:\WINDOWS\System32\WindowsPowerShell\v1.0\;C:\WINDOWS\System32\OpenSSH\;D:\Git\cmd;E:\Java\jdk1.8.0_361\bin;E:\apache-maven-3.8.4\bin;D:\Xshell7\;C:\Program Files\dotnet\;C:\Program Files\MySQL\MySQL Shell 8.0\bin\;C:\Users\Administrator\AppData\Local\Microsoft\WindowsApps;D:\IntelliJ IDEA 2024.1.1\bin;;H:\QQgame\Hall.58319\;C:\Users\Administrator\AppData\Local\GitHubDesktop\bin;D:\cursor\resources\app\bin;.
2025-06-22 22:53:59.282 [main] INFO  org.apache.zookeeper.ZooKeeper - Client environment:java.io.tmpdir=C:\Users\ADMINI~1\AppData\Local\Temp\
2025-06-22 22:53:59.282 [main] INFO  org.apache.zookeeper.ZooKeeper - Client environment:java.io.tmpdir=C:\Users\ADMINI~1\AppData\Local\Temp\
2025-06-22 22:53:59.282 [main] INFO  org.apache.zookeeper.ZooKeeper - Client environment:java.compiler=<NA>
2025-06-22 22:53:59.282 [main] INFO  org.apache.zookeeper.ZooKeeper - Client environment:java.compiler=<NA>
2025-06-22 22:53:59.282 [main] INFO  org.apache.zookeeper.ZooKeeper - Client environment:os.name=Windows 11
2025-06-22 22:53:59.282 [main] INFO  org.apache.zookeeper.ZooKeeper - Client environment:os.name=Windows 11
2025-06-22 22:53:59.282 [main] INFO  org.apache.zookeeper.ZooKeeper - Client environment:os.arch=amd64
2025-06-22 22:53:59.282 [main] INFO  org.apache.zookeeper.ZooKeeper - Client environment:os.arch=amd64
2025-06-22 22:53:59.282 [main] INFO  org.apache.zookeeper.ZooKeeper - Client environment:os.version=10.0
2025-06-22 22:53:59.282 [main] INFO  org.apache.zookeeper.ZooKeeper - Client environment:os.version=10.0
2025-06-22 22:53:59.282 [main] INFO  org.apache.zookeeper.ZooKeeper - Client environment:user.name=Administrator
2025-06-22 22:53:59.282 [main] INFO  org.apache.zookeeper.ZooKeeper - Client environment:user.name=Administrator
2025-06-22 22:53:59.283 [main] INFO  org.apache.zookeeper.ZooKeeper - Client environment:user.home=C:\Users\Administrator
2025-06-22 22:53:59.283 [main] INFO  org.apache.zookeeper.ZooKeeper - Client environment:user.home=C:\Users\Administrator
2025-06-22 22:53:59.283 [main] INFO  org.apache.zookeeper.ZooKeeper - Client environment:user.dir=E:\IdeaProjects\goldCode
2025-06-22 22:53:59.283 [main] INFO  org.apache.zookeeper.ZooKeeper - Client environment:user.dir=E:\IdeaProjects\goldCode
2025-06-22 22:53:59.283 [main] INFO  org.apache.zookeeper.ZooKeeper - Client environment:os.memory.free=882MB
2025-06-22 22:53:59.283 [main] INFO  org.apache.zookeeper.ZooKeeper - Client environment:os.memory.free=882MB
2025-06-22 22:53:59.283 [main] INFO  org.apache.zookeeper.ZooKeeper - Client environment:os.memory.max=14532MB
2025-06-22 22:53:59.283 [main] INFO  org.apache.zookeeper.ZooKeeper - Client environment:os.memory.max=14532MB
2025-06-22 22:53:59.283 [main] INFO  org.apache.zookeeper.ZooKeeper - Client environment:os.memory.total=979MB
2025-06-22 22:53:59.283 [main] INFO  org.apache.zookeeper.ZooKeeper - Client environment:os.memory.total=979MB
2025-06-22 22:53:59.293 [main] INFO  org.apache.zookeeper.ZooKeeper - Initiating client connection, connectString=hadoop202:2181,hadoop203:2181,hadoop204:2181 sessionTimeout=60000 watcher=org.apache.curator.ConnectionState@3b69e7d1
2025-06-22 22:53:59.293 [main] INFO  org.apache.zookeeper.ZooKeeper - Initiating client connection, connectString=hadoop202:2181,hadoop203:2181,hadoop204:2181 sessionTimeout=60000 watcher=org.apache.curator.ConnectionState@3b69e7d1
2025-06-22 22:53:59.296 [main] INFO  org.apache.zookeeper.common.X509Util - Setting -D jdk.tls.rejectClientInitiatedRenegotiation=true to disable client-initiated TLS renegotiation
2025-06-22 22:53:59.296 [main] INFO  org.apache.zookeeper.common.X509Util - Setting -D jdk.tls.rejectClientInitiatedRenegotiation=true to disable client-initiated TLS renegotiation
2025-06-22 22:53:59.463 [main] INFO  org.apache.zookeeper.ClientCnxnSocket - jute.maxbuffer value is 1048575 Bytes
2025-06-22 22:53:59.463 [main] INFO  org.apache.zookeeper.ClientCnxnSocket - jute.maxbuffer value is 1048575 Bytes
2025-06-22 22:53:59.468 [main] INFO  org.apache.zookeeper.ClientCnxn - zookeeper.request.timeout value is 0. feature enabled=false
2025-06-22 22:53:59.468 [main] INFO  org.apache.zookeeper.ClientCnxn - zookeeper.request.timeout value is 0. feature enabled=false
2025-06-22 22:53:59.473 [main-SendThread(hadoop204:2181)] INFO  org.apache.zookeeper.ClientCnxn - Opening socket connection to server hadoop204/192.168.10.204:2181.
2025-06-22 22:53:59.473 [main] INFO  org.apache.curator.framework.imps.CuratorFrameworkImpl - Default schema
2025-06-22 22:53:59.473 [main-SendThread(hadoop204:2181)] INFO  org.apache.zookeeper.ClientCnxn - Opening socket connection to server hadoop204/192.168.10.204:2181.
2025-06-22 22:53:59.473 [main] INFO  org.apache.curator.framework.imps.CuratorFrameworkImpl - Default schema
2025-06-22 22:53:59.473 [main-SendThread(hadoop204:2181)] INFO  org.apache.zookeeper.ClientCnxn - SASL config status: Will not attempt to authenticate using SASL (unknown error)
2025-06-22 22:53:59.473 [main] INFO  com.CodeCode.utils.ZkCuratorUtil - zk client started
2025-06-22 22:53:59.473 [main-SendThread(hadoop204:2181)] INFO  org.apache.zookeeper.ClientCnxn - SASL config status: Will not attempt to authenticate using SASL (unknown error)
2025-06-22 22:53:59.473 [main] INFO  com.CodeCode.utils.ZkCuratorUtil - zk client started
2025-06-22 22:53:59.474 [main-SendThread(hadoop204:2181)] INFO  org.apache.zookeeper.ClientCnxn - Socket connection established, initiating session, client: /192.168.10.15:11060, server: hadoop204/192.168.10.204:2181
2025-06-22 22:53:59.474 [main-SendThread(hadoop204:2181)] INFO  org.apache.zookeeper.ClientCnxn - Socket connection established, initiating session, client: /192.168.10.15:11060, server: hadoop204/192.168.10.204:2181
2025-06-22 22:53:59.479 [main-SendThread(hadoop204:2181)] INFO  org.apache.zookeeper.ClientCnxn - Session establishment complete on server hadoop204/192.168.10.204:2181, session id = 0x40005bbcfa00005, negotiated timeout = 40000
2025-06-22 22:53:59.479 [main-SendThread(hadoop204:2181)] INFO  org.apache.zookeeper.ClientCnxn - Session establishment complete on server hadoop204/192.168.10.204:2181, session id = 0x40005bbcfa00005, negotiated timeout = 40000
2025-06-22 22:53:59.483 [main-EventThread] INFO  org.apache.curator.framework.state.ConnectionStateManager - State change: CONNECTED
2025-06-22 22:53:59.483 [main-EventThread] INFO  org.apache.curator.framework.state.ConnectionStateManager - State change: CONNECTED
2025-06-22 22:53:59.493 [main-EventThread] INFO  org.apache.curator.framework.imps.EnsembleTracker - New config event received: {version=0, server.4=hadoop204:2888:3888:participant, server.3=hadoop203:2888:3888:participant, server.2=hadoop202:2888:3888:participant}
2025-06-22 22:53:59.493 [main-EventThread] INFO  org.apache.curator.framework.imps.EnsembleTracker - New config event received: {version=0, server.4=hadoop204:2888:3888:participant, server.3=hadoop203:2888:3888:participant, server.2=hadoop202:2888:3888:participant}
2025-06-22 22:53:59.498 [main-EventThread] INFO  org.apache.curator.framework.imps.EnsembleTracker - New config event received: {version=0, server.4=hadoop204:2888:3888:participant, server.3=hadoop203:2888:3888:participant, server.2=hadoop202:2888:3888:participant}
2025-06-22 22:53:59.498 [main-EventThread] INFO  org.apache.curator.framework.imps.EnsembleTracker - New config event received: {version=0, server.4=hadoop204:2888:3888:participant, server.3=hadoop203:2888:3888:participant, server.2=hadoop202:2888:3888:participant}
2025-06-22 22:54:07.427 [main-EventThread] INFO  com.CodeCode.utils.ZkCuratorUtil - 当前/flag节点数据: SUCCESSdasafsd, 已被修正为: SUCCESS
2025-06-22 22:54:07.427 [main-EventThread] INFO  com.CodeCode.utils.ZkCuratorUtil - 当前/flag节点数据: SUCCESSdasafsd, 已被修正为: SUCCESS
2025-06-22 22:55:19.003 [main] INFO  org.apache.curator.framework.imps.CuratorFrameworkImpl - Starting
2025-06-22 22:55:19.003 [main] INFO  org.apache.curator.framework.imps.CuratorFrameworkImpl - Starting
2025-06-22 22:55:19.015 [main] INFO  org.apache.zookeeper.ZooKeeper - Client environment:zookeeper.version=3.7.1-a2fb57c55f8e59cdd76c34b357ad5181df1258d5, built on 2022-05-07 06:45 UTC
2025-06-22 22:55:19.015 [main] INFO  org.apache.zookeeper.ZooKeeper - Client environment:zookeeper.version=3.7.1-a2fb57c55f8e59cdd76c34b357ad5181df1258d5, built on 2022-05-07 06:45 UTC
2025-06-22 22:55:19.015 [main] INFO  org.apache.zookeeper.ZooKeeper - Client environment:host.name=PC
2025-06-22 22:55:19.015 [main] INFO  org.apache.zookeeper.ZooKeeper - Client environment:host.name=PC
2025-06-22 22:55:19.015 [main] INFO  org.apache.zookeeper.ZooKeeper - Client environment:java.version=1.8.0_361
2025-06-22 22:55:19.015 [main] INFO  org.apache.zookeeper.ZooKeeper - Client environment:java.version=1.8.0_361
2025-06-22 22:55:19.015 [main] INFO  org.apache.zookeeper.ZooKeeper - Client environment:java.vendor=Oracle Corporation
2025-06-22 22:55:19.015 [main] INFO  org.apache.zookeeper.ZooKeeper - Client environment:java.vendor=Oracle Corporation
2025-06-22 22:55:19.015 [main] INFO  org.apache.zookeeper.ZooKeeper - Client environment:java.home=E:\Java\jdk1.8.0_361\jre
2025-06-22 22:55:19.015 [main] INFO  org.apache.zookeeper.ZooKeeper - Client environment:java.home=E:\Java\jdk1.8.0_361\jre
2025-06-22 22:55:19.015 [main] INFO  org.apache.zookeeper.ZooKeeper - Client environment:java.class.path=E:\Java\jdk1.8.0_361\jre\lib\charsets.jar;E:\Java\jdk1.8.0_361\jre\lib\deploy.jar;E:\Java\jdk1.8.0_361\jre\lib\ext\access-bridge-64.jar;E:\Java\jdk1.8.0_361\jre\lib\ext\cldrdata.jar;E:\Java\jdk1.8.0_361\jre\lib\ext\dnsns.jar;E:\Java\jdk1.8.0_361\jre\lib\ext\jaccess.jar;E:\Java\jdk1.8.0_361\jre\lib\ext\jfxrt.jar;E:\Java\jdk1.8.0_361\jre\lib\ext\localedata.jar;E:\Java\jdk1.8.0_361\jre\lib\ext\nashorn.jar;E:\Java\jdk1.8.0_361\jre\lib\ext\sunec.jar;E:\Java\jdk1.8.0_361\jre\lib\ext\sunjce_provider.jar;E:\Java\jdk1.8.0_361\jre\lib\ext\sunmscapi.jar;E:\Java\jdk1.8.0_361\jre\lib\ext\sunpkcs11.jar;E:\Java\jdk1.8.0_361\jre\lib\ext\zipfs.jar;E:\Java\jdk1.8.0_361\jre\lib\javaws.jar;E:\Java\jdk1.8.0_361\jre\lib\jce.jar;E:\Java\jdk1.8.0_361\jre\lib\jfr.jar;E:\Java\jdk1.8.0_361\jre\lib\jfxswt.jar;E:\Java\jdk1.8.0_361\jre\lib\jsse.jar;E:\Java\jdk1.8.0_361\jre\lib\management-agent.jar;E:\Java\jdk1.8.0_361\jre\lib\plugin.jar;E:\Java\jdk1.8.0_361\jre\lib\resources.jar;E:\Java\jdk1.8.0_361\jre\lib\rt.jar;E:\IdeaProjects\goldCode\target\classes;E:\maven-repository\org\apache\curator\curator-framework\5.4.0\curator-framework-5.4.0.jar;E:\maven-repository\org\apache\curator\curator-client\5.4.0\curator-client-5.4.0.jar;E:\maven-repository\org\apache\zookeeper\zookeeper\3.7.1\zookeeper-3.7.1.jar;E:\maven-repository\org\apache\zookeeper\zookeeper-jute\3.7.1\zookeeper-jute-3.7.1.jar;E:\maven-repository\org\apache\yetus\audience-annotations\0.12.0\audience-annotations-0.12.0.jar;E:\maven-repository\io\netty\netty-handler\4.1.76.Final\netty-handler-4.1.76.Final.jar;E:\maven-repository\io\netty\netty-common\4.1.76.Final\netty-common-4.1.76.Final.jar;E:\maven-repository\io\netty\netty-resolver\4.1.76.Final\netty-resolver-4.1.76.Final.jar;E:\maven-repository\io\netty\netty-buffer\4.1.76.Final\netty-buffer-4.1.76.Final.jar;E:\maven-repository\io\netty\netty-transport\4.1.76.Final\netty-transport-4.1.76.Final.jar;E:\maven-repository\io\netty\netty-codec\4.1.76.Final\netty-codec-4.1.76.Final.jar;E:\maven-repository\io\netty\netty-transport-native-epoll\4.1.76.Final\netty-transport-native-epoll-4.1.76.Final.jar;E:\maven-repository\io\netty\netty-transport-native-unix-common\4.1.76.Final\netty-transport-native-unix-common-4.1.76.Final.jar;E:\maven-repository\io\netty\netty-transport-classes-epoll\4.1.76.Final\netty-transport-classes-epoll-4.1.76.Final.jar;E:\maven-repository\com\google\guava\guava\31.1-jre\guava-31.1-jre.jar;E:\maven-repository\com\google\guava\failureaccess\1.0.1\failureaccess-1.0.1.jar;E:\maven-repository\com\google\guava\listenablefuture\9999.0-empty-to-avoid-conflict-with-guava\listenablefuture-9999.0-empty-to-avoid-conflict-with-guava.jar;E:\maven-repository\com\google\code\findbugs\jsr305\3.0.2\jsr305-3.0.2.jar;E:\maven-repository\org\checkerframework\checker-qual\3.12.0\checker-qual-3.12.0.jar;E:\maven-repository\com\google\errorprone\error_prone_annotations\2.11.0\error_prone_annotations-2.11.0.jar;E:\maven-repository\com\google\j2objc\j2objc-annotations\1.3\j2objc-annotations-1.3.jar;E:\maven-repository\org\apache\curator\curator-recipes\5.4.0\curator-recipes-5.4.0.jar;E:\maven-repository\org\slf4j\slf4j-api\1.7.36\slf4j-api-1.7.36.jar;E:\maven-repository\org\apache\logging\log4j\log4j-slf4j-impl\2.20.0\log4j-slf4j-impl-2.20.0.jar;E:\maven-repository\org\apache\logging\log4j\log4j-core\2.20.0\log4j-core-2.20.0.jar;E:\maven-repository\org\apache\logging\log4j\log4j-api\2.20.0\log4j-api-2.20.0.jar;D:\IntelliJ IDEA 2024.1.1\lib\idea_rt.jar
2025-06-22 22:55:19.015 [main] INFO  org.apache.zookeeper.ZooKeeper - Client environment:java.class.path=E:\Java\jdk1.8.0_361\jre\lib\charsets.jar;E:\Java\jdk1.8.0_361\jre\lib\deploy.jar;E:\Java\jdk1.8.0_361\jre\lib\ext\access-bridge-64.jar;E:\Java\jdk1.8.0_361\jre\lib\ext\cldrdata.jar;E:\Java\jdk1.8.0_361\jre\lib\ext\dnsns.jar;E:\Java\jdk1.8.0_361\jre\lib\ext\jaccess.jar;E:\Java\jdk1.8.0_361\jre\lib\ext\jfxrt.jar;E:\Java\jdk1.8.0_361\jre\lib\ext\localedata.jar;E:\Java\jdk1.8.0_361\jre\lib\ext\nashorn.jar;E:\Java\jdk1.8.0_361\jre\lib\ext\sunec.jar;E:\Java\jdk1.8.0_361\jre\lib\ext\sunjce_provider.jar;E:\Java\jdk1.8.0_361\jre\lib\ext\sunmscapi.jar;E:\Java\jdk1.8.0_361\jre\lib\ext\sunpkcs11.jar;E:\Java\jdk1.8.0_361\jre\lib\ext\zipfs.jar;E:\Java\jdk1.8.0_361\jre\lib\javaws.jar;E:\Java\jdk1.8.0_361\jre\lib\jce.jar;E:\Java\jdk1.8.0_361\jre\lib\jfr.jar;E:\Java\jdk1.8.0_361\jre\lib\jfxswt.jar;E:\Java\jdk1.8.0_361\jre\lib\jsse.jar;E:\Java\jdk1.8.0_361\jre\lib\management-agent.jar;E:\Java\jdk1.8.0_361\jre\lib\plugin.jar;E:\Java\jdk1.8.0_361\jre\lib\resources.jar;E:\Java\jdk1.8.0_361\jre\lib\rt.jar;E:\IdeaProjects\goldCode\target\classes;E:\maven-repository\org\apache\curator\curator-framework\5.4.0\curator-framework-5.4.0.jar;E:\maven-repository\org\apache\curator\curator-client\5.4.0\curator-client-5.4.0.jar;E:\maven-repository\org\apache\zookeeper\zookeeper\3.7.1\zookeeper-3.7.1.jar;E:\maven-repository\org\apache\zookeeper\zookeeper-jute\3.7.1\zookeeper-jute-3.7.1.jar;E:\maven-repository\org\apache\yetus\audience-annotations\0.12.0\audience-annotations-0.12.0.jar;E:\maven-repository\io\netty\netty-handler\4.1.76.Final\netty-handler-4.1.76.Final.jar;E:\maven-repository\io\netty\netty-common\4.1.76.Final\netty-common-4.1.76.Final.jar;E:\maven-repository\io\netty\netty-resolver\4.1.76.Final\netty-resolver-4.1.76.Final.jar;E:\maven-repository\io\netty\netty-buffer\4.1.76.Final\netty-buffer-4.1.76.Final.jar;E:\maven-repository\io\netty\netty-transport\4.1.76.Final\netty-transport-4.1.76.Final.jar;E:\maven-repository\io\netty\netty-codec\4.1.76.Final\netty-codec-4.1.76.Final.jar;E:\maven-repository\io\netty\netty-transport-native-epoll\4.1.76.Final\netty-transport-native-epoll-4.1.76.Final.jar;E:\maven-repository\io\netty\netty-transport-native-unix-common\4.1.76.Final\netty-transport-native-unix-common-4.1.76.Final.jar;E:\maven-repository\io\netty\netty-transport-classes-epoll\4.1.76.Final\netty-transport-classes-epoll-4.1.76.Final.jar;E:\maven-repository\com\google\guava\guava\31.1-jre\guava-31.1-jre.jar;E:\maven-repository\com\google\guava\failureaccess\1.0.1\failureaccess-1.0.1.jar;E:\maven-repository\com\google\guava\listenablefuture\9999.0-empty-to-avoid-conflict-with-guava\listenablefuture-9999.0-empty-to-avoid-conflict-with-guava.jar;E:\maven-repository\com\google\code\findbugs\jsr305\3.0.2\jsr305-3.0.2.jar;E:\maven-repository\org\checkerframework\checker-qual\3.12.0\checker-qual-3.12.0.jar;E:\maven-repository\com\google\errorprone\error_prone_annotations\2.11.0\error_prone_annotations-2.11.0.jar;E:\maven-repository\com\google\j2objc\j2objc-annotations\1.3\j2objc-annotations-1.3.jar;E:\maven-repository\org\apache\curator\curator-recipes\5.4.0\curator-recipes-5.4.0.jar;E:\maven-repository\org\slf4j\slf4j-api\1.7.36\slf4j-api-1.7.36.jar;E:\maven-repository\org\apache\logging\log4j\log4j-slf4j-impl\2.20.0\log4j-slf4j-impl-2.20.0.jar;E:\maven-repository\org\apache\logging\log4j\log4j-core\2.20.0\log4j-core-2.20.0.jar;E:\maven-repository\org\apache\logging\log4j\log4j-api\2.20.0\log4j-api-2.20.0.jar;D:\IntelliJ IDEA 2024.1.1\lib\idea_rt.jar
2025-06-22 22:55:19.016 [main] INFO  org.apache.zookeeper.ZooKeeper - Client environment:java.library.path=E:\Java\jdk1.8.0_361\bin;C:\WINDOWS\Sun\Java\bin;C:\WINDOWS\system32;C:\WINDOWS;D:\VMware\VMware Workstation\bin\;C:\Program Files (x86)\NVIDIA Corporation\PhysX\Common;C:\WINDOWS\system32;C:\WINDOWS;C:\WINDOWS\System32\Wbem;C:\WINDOWS\System32\WindowsPowerShell\v1.0\;C:\WINDOWS\System32\OpenSSH\;D:\Git\cmd;E:\Java\jdk1.8.0_361\bin;E:\apache-maven-3.8.4\bin;D:\Xshell7\;C:\Program Files\dotnet\;C:\Program Files\MySQL\MySQL Shell 8.0\bin\;C:\Users\Administrator\AppData\Local\Microsoft\WindowsApps;D:\IntelliJ IDEA 2024.1.1\bin;;H:\QQgame\Hall.58319\;C:\Users\Administrator\AppData\Local\GitHubDesktop\bin;D:\cursor\resources\app\bin;.
2025-06-22 22:55:19.016 [main] INFO  org.apache.zookeeper.ZooKeeper - Client environment:java.library.path=E:\Java\jdk1.8.0_361\bin;C:\WINDOWS\Sun\Java\bin;C:\WINDOWS\system32;C:\WINDOWS;D:\VMware\VMware Workstation\bin\;C:\Program Files (x86)\NVIDIA Corporation\PhysX\Common;C:\WINDOWS\system32;C:\WINDOWS;C:\WINDOWS\System32\Wbem;C:\WINDOWS\System32\WindowsPowerShell\v1.0\;C:\WINDOWS\System32\OpenSSH\;D:\Git\cmd;E:\Java\jdk1.8.0_361\bin;E:\apache-maven-3.8.4\bin;D:\Xshell7\;C:\Program Files\dotnet\;C:\Program Files\MySQL\MySQL Shell 8.0\bin\;C:\Users\Administrator\AppData\Local\Microsoft\WindowsApps;D:\IntelliJ IDEA 2024.1.1\bin;;H:\QQgame\Hall.58319\;C:\Users\Administrator\AppData\Local\GitHubDesktop\bin;D:\cursor\resources\app\bin;.
2025-06-22 22:55:19.016 [main] INFO  org.apache.zookeeper.ZooKeeper - Client environment:java.io.tmpdir=C:\Users\ADMINI~1\AppData\Local\Temp\
2025-06-22 22:55:19.016 [main] INFO  org.apache.zookeeper.ZooKeeper - Client environment:java.io.tmpdir=C:\Users\ADMINI~1\AppData\Local\Temp\
2025-06-22 22:55:19.016 [main] INFO  org.apache.zookeeper.ZooKeeper - Client environment:java.compiler=<NA>
2025-06-22 22:55:19.016 [main] INFO  org.apache.zookeeper.ZooKeeper - Client environment:java.compiler=<NA>
2025-06-22 22:55:19.016 [main] INFO  org.apache.zookeeper.ZooKeeper - Client environment:os.name=Windows 11
2025-06-22 22:55:19.016 [main] INFO  org.apache.zookeeper.ZooKeeper - Client environment:os.name=Windows 11
2025-06-22 22:55:19.016 [main] INFO  org.apache.zookeeper.ZooKeeper - Client environment:os.arch=amd64
2025-06-22 22:55:19.016 [main] INFO  org.apache.zookeeper.ZooKeeper - Client environment:os.arch=amd64
2025-06-22 22:55:19.016 [main] INFO  org.apache.zookeeper.ZooKeeper - Client environment:os.version=10.0
2025-06-22 22:55:19.016 [main] INFO  org.apache.zookeeper.ZooKeeper - Client environment:os.version=10.0
2025-06-22 22:55:19.016 [main] INFO  org.apache.zookeeper.ZooKeeper - Client environment:user.name=Administrator
2025-06-22 22:55:19.016 [main] INFO  org.apache.zookeeper.ZooKeeper - Client environment:user.name=Administrator
2025-06-22 22:55:19.016 [main] INFO  org.apache.zookeeper.ZooKeeper - Client environment:user.home=C:\Users\Administrator
2025-06-22 22:55:19.016 [main] INFO  org.apache.zookeeper.ZooKeeper - Client environment:user.home=C:\Users\Administrator
2025-06-22 22:55:19.016 [main] INFO  org.apache.zookeeper.ZooKeeper - Client environment:user.dir=E:\IdeaProjects\goldCode
2025-06-22 22:55:19.016 [main] INFO  org.apache.zookeeper.ZooKeeper - Client environment:user.dir=E:\IdeaProjects\goldCode
2025-06-22 22:55:19.016 [main] INFO  org.apache.zookeeper.ZooKeeper - Client environment:os.memory.free=882MB
2025-06-22 22:55:19.016 [main] INFO  org.apache.zookeeper.ZooKeeper - Client environment:os.memory.free=882MB
2025-06-22 22:55:19.016 [main] INFO  org.apache.zookeeper.ZooKeeper - Client environment:os.memory.max=14532MB
2025-06-22 22:55:19.016 [main] INFO  org.apache.zookeeper.ZooKeeper - Client environment:os.memory.max=14532MB
2025-06-22 22:55:19.016 [main] INFO  org.apache.zookeeper.ZooKeeper - Client environment:os.memory.total=979MB
2025-06-22 22:55:19.016 [main] INFO  org.apache.zookeeper.ZooKeeper - Client environment:os.memory.total=979MB
2025-06-22 22:55:19.028 [main] INFO  org.apache.zookeeper.ZooKeeper - Initiating client connection, connectString=hadoop202:2181,hadoop203:2181,hadoop204:2181 sessionTimeout=60000 watcher=org.apache.curator.ConnectionState@3b69e7d1
2025-06-22 22:55:19.028 [main] INFO  org.apache.zookeeper.ZooKeeper - Initiating client connection, connectString=hadoop202:2181,hadoop203:2181,hadoop204:2181 sessionTimeout=60000 watcher=org.apache.curator.ConnectionState@3b69e7d1
2025-06-22 22:55:19.031 [main] INFO  org.apache.zookeeper.common.X509Util - Setting -D jdk.tls.rejectClientInitiatedRenegotiation=true to disable client-initiated TLS renegotiation
2025-06-22 22:55:19.031 [main] INFO  org.apache.zookeeper.common.X509Util - Setting -D jdk.tls.rejectClientInitiatedRenegotiation=true to disable client-initiated TLS renegotiation
2025-06-22 22:55:19.204 [main] INFO  org.apache.zookeeper.ClientCnxnSocket - jute.maxbuffer value is 1048575 Bytes
2025-06-22 22:55:19.204 [main] INFO  org.apache.zookeeper.ClientCnxnSocket - jute.maxbuffer value is 1048575 Bytes
2025-06-22 22:55:19.210 [main] INFO  org.apache.zookeeper.ClientCnxn - zookeeper.request.timeout value is 0. feature enabled=false
2025-06-22 22:55:19.210 [main] INFO  org.apache.zookeeper.ClientCnxn - zookeeper.request.timeout value is 0. feature enabled=false
2025-06-22 22:55:19.215 [main] INFO  org.apache.curator.framework.imps.CuratorFrameworkImpl - Default schema
2025-06-22 22:55:19.215 [main] INFO  org.apache.curator.framework.imps.CuratorFrameworkImpl - Default schema
2025-06-22 22:55:19.216 [main] INFO  com.CodeCode.utils.ZkCuratorUtil - zk client started
2025-06-22 22:55:19.215 [main-SendThread(hadoop203:2181)] INFO  org.apache.zookeeper.ClientCnxn - Opening socket connection to server hadoop203/192.168.10.203:2181.
2025-06-22 22:55:19.216 [main] INFO  com.CodeCode.utils.ZkCuratorUtil - zk client started
2025-06-22 22:55:19.215 [main-SendThread(hadoop203:2181)] INFO  org.apache.zookeeper.ClientCnxn - Opening socket connection to server hadoop203/192.168.10.203:2181.
2025-06-22 22:55:19.216 [main-SendThread(hadoop203:2181)] INFO  org.apache.zookeeper.ClientCnxn - SASL config status: Will not attempt to authenticate using SASL (unknown error)
2025-06-22 22:55:19.216 [main-SendThread(hadoop203:2181)] INFO  org.apache.zookeeper.ClientCnxn - SASL config status: Will not attempt to authenticate using SASL (unknown error)
2025-06-22 22:55:19.217 [main-SendThread(hadoop203:2181)] INFO  org.apache.zookeeper.ClientCnxn - Socket connection established, initiating session, client: /192.168.10.15:11110, server: hadoop203/192.168.10.203:2181
2025-06-22 22:55:19.217 [main-SendThread(hadoop203:2181)] INFO  org.apache.zookeeper.ClientCnxn - Socket connection established, initiating session, client: /192.168.10.15:11110, server: hadoop203/192.168.10.203:2181
2025-06-22 22:55:19.223 [main-SendThread(hadoop203:2181)] INFO  org.apache.zookeeper.ClientCnxn - Session establishment complete on server hadoop203/192.168.10.203:2181, session id = 0x30006401e8c0007, negotiated timeout = 40000
2025-06-22 22:55:19.223 [main-SendThread(hadoop203:2181)] INFO  org.apache.zookeeper.ClientCnxn - Session establishment complete on server hadoop203/192.168.10.203:2181, session id = 0x30006401e8c0007, negotiated timeout = 40000
2025-06-22 22:55:19.227 [main-EventThread] INFO  org.apache.curator.framework.state.ConnectionStateManager - State change: CONNECTED
2025-06-22 22:55:19.227 [main-EventThread] INFO  org.apache.curator.framework.state.ConnectionStateManager - State change: CONNECTED
2025-06-22 22:55:19.236 [main-EventThread] INFO  org.apache.curator.framework.imps.EnsembleTracker - New config event received: {version=0, server.4=hadoop204:2888:3888:participant, server.3=hadoop203:2888:3888:participant, server.2=hadoop202:2888:3888:participant}
2025-06-22 22:55:19.236 [main-EventThread] INFO  org.apache.curator.framework.imps.EnsembleTracker - New config event received: {version=0, server.4=hadoop204:2888:3888:participant, server.3=hadoop203:2888:3888:participant, server.2=hadoop202:2888:3888:participant}
2025-06-22 22:55:19.243 [main-EventThread] INFO  org.apache.curator.framework.imps.EnsembleTracker - New config event received: {version=0, server.4=hadoop204:2888:3888:participant, server.3=hadoop203:2888:3888:participant, server.2=hadoop202:2888:3888:participant}
2025-06-22 22:55:19.243 [main-EventThread] INFO  org.apache.curator.framework.imps.EnsembleTracker - New config event received: {version=0, server.4=hadoop204:2888:3888:participant, server.3=hadoop203:2888:3888:participant, server.2=hadoop202:2888:3888:participant}
2025-06-22 22:55:24.339 [main-EventThread] INFO  com.CodeCode.utils.ZkCuratorUtil - 当前/flag节点数据: SUCCESSdasafsddasfaadsf, 已被修正为: SUCCESS
2025-06-22 22:55:24.339 [main-EventThread] INFO  com.CodeCode.utils.ZkCuratorUtil - 当前/flag节点数据: SUCCESSdasafsddasfaadsf, 已被修正为: SUCCESS
2025-06-22 22:55:26.575 [main-EventThread] INFO  com.CodeCode.utils.ZkCuratorUtil - 当前/flag节点数据: SUCCESSdasafsddasfaadsfdfsddsf, 已被修正为: SUCCESS
2025-06-22 22:55:26.575 [main-EventThread] INFO  com.CodeCode.utils.ZkCuratorUtil - 当前/flag节点数据: SUCCESSdasafsddasfaadsfdfsddsf, 已被修正为: SUCCESS
2025-06-22 22:55:47.247 [main-EventThread] INFO  com.CodeCode.utils.ZkCuratorUtil - 当前/flag节点数据: SU, 已被修正为: SUCCESS
2025-06-22 22:55:47.247 [main-EventThread] INFO  com.CodeCode.utils.ZkCuratorUtil - 当前/flag节点数据: SU, 已被修正为: SUCCESS
2025-06-22 23:34:12.927 [main] INFO  org.apache.curator.framework.imps.CuratorFrameworkImpl - Starting
2025-06-22 23:34:12.934 [main] INFO  org.apache.zookeeper.ZooKeeper - Client environment:zookeeper.version=3.7.1-a2fb57c55f8e59cdd76c34b357ad5181df1258d5, built on 2022-05-07 06:45 UTC
2025-06-22 23:34:12.934 [main] INFO  org.apache.zookeeper.ZooKeeper - Client environment:host.name=PC
2025-06-22 23:34:12.934 [main] INFO  org.apache.zookeeper.ZooKeeper - Client environment:java.version=1.8.0_361
2025-06-22 23:34:12.934 [main] INFO  org.apache.zookeeper.ZooKeeper - Client environment:java.vendor=Oracle Corporation
2025-06-22 23:34:12.934 [main] INFO  org.apache.zookeeper.ZooKeeper - Client environment:java.home=E:\Java\jdk1.8.0_361\jre
2025-06-22 23:34:12.934 [main] INFO  org.apache.zookeeper.ZooKeeper - Client environment:java.class.path=E:\Java\jdk1.8.0_361\jre\lib\charsets.jar;E:\Java\jdk1.8.0_361\jre\lib\deploy.jar;E:\Java\jdk1.8.0_361\jre\lib\ext\access-bridge-64.jar;E:\Java\jdk1.8.0_361\jre\lib\ext\cldrdata.jar;E:\Java\jdk1.8.0_361\jre\lib\ext\dnsns.jar;E:\Java\jdk1.8.0_361\jre\lib\ext\jaccess.jar;E:\Java\jdk1.8.0_361\jre\lib\ext\jfxrt.jar;E:\Java\jdk1.8.0_361\jre\lib\ext\localedata.jar;E:\Java\jdk1.8.0_361\jre\lib\ext\nashorn.jar;E:\Java\jdk1.8.0_361\jre\lib\ext\sunec.jar;E:\Java\jdk1.8.0_361\jre\lib\ext\sunjce_provider.jar;E:\Java\jdk1.8.0_361\jre\lib\ext\sunmscapi.jar;E:\Java\jdk1.8.0_361\jre\lib\ext\sunpkcs11.jar;E:\Java\jdk1.8.0_361\jre\lib\ext\zipfs.jar;E:\Java\jdk1.8.0_361\jre\lib\javaws.jar;E:\Java\jdk1.8.0_361\jre\lib\jce.jar;E:\Java\jdk1.8.0_361\jre\lib\jfr.jar;E:\Java\jdk1.8.0_361\jre\lib\jfxswt.jar;E:\Java\jdk1.8.0_361\jre\lib\jsse.jar;E:\Java\jdk1.8.0_361\jre\lib\management-agent.jar;E:\Java\jdk1.8.0_361\jre\lib\plugin.jar;E:\Java\jdk1.8.0_361\jre\lib\resources.jar;E:\Java\jdk1.8.0_361\jre\lib\rt.jar;E:\IdeaProjects\goldCode\target\classes;E:\maven-repository\org\apache\curator\curator-framework\5.4.0\curator-framework-5.4.0.jar;E:\maven-repository\org\apache\curator\curator-client\5.4.0\curator-client-5.4.0.jar;E:\maven-repository\org\apache\zookeeper\zookeeper\3.7.1\zookeeper-3.7.1.jar;E:\maven-repository\org\apache\zookeeper\zookeeper-jute\3.7.1\zookeeper-jute-3.7.1.jar;E:\maven-repository\org\apache\yetus\audience-annotations\0.12.0\audience-annotations-0.12.0.jar;E:\maven-repository\io\netty\netty-handler\4.1.76.Final\netty-handler-4.1.76.Final.jar;E:\maven-repository\io\netty\netty-common\4.1.76.Final\netty-common-4.1.76.Final.jar;E:\maven-repository\io\netty\netty-resolver\4.1.76.Final\netty-resolver-4.1.76.Final.jar;E:\maven-repository\io\netty\netty-buffer\4.1.76.Final\netty-buffer-4.1.76.Final.jar;E:\maven-repository\io\netty\netty-transport\4.1.76.Final\netty-transport-4.1.76.Final.jar;E:\maven-repository\io\netty\netty-codec\4.1.76.Final\netty-codec-4.1.76.Final.jar;E:\maven-repository\io\netty\netty-transport-native-epoll\4.1.76.Final\netty-transport-native-epoll-4.1.76.Final.jar;E:\maven-repository\io\netty\netty-transport-native-unix-common\4.1.76.Final\netty-transport-native-unix-common-4.1.76.Final.jar;E:\maven-repository\io\netty\netty-transport-classes-epoll\4.1.76.Final\netty-transport-classes-epoll-4.1.76.Final.jar;E:\maven-repository\com\google\guava\guava\31.1-jre\guava-31.1-jre.jar;E:\maven-repository\com\google\guava\failureaccess\1.0.1\failureaccess-1.0.1.jar;E:\maven-repository\com\google\guava\listenablefuture\9999.0-empty-to-avoid-conflict-with-guava\listenablefuture-9999.0-empty-to-avoid-conflict-with-guava.jar;E:\maven-repository\com\google\code\findbugs\jsr305\3.0.2\jsr305-3.0.2.jar;E:\maven-repository\org\checkerframework\checker-qual\3.12.0\checker-qual-3.12.0.jar;E:\maven-repository\com\google\errorprone\error_prone_annotations\2.11.0\error_prone_annotations-2.11.0.jar;E:\maven-repository\com\google\j2objc\j2objc-annotations\1.3\j2objc-annotations-1.3.jar;E:\maven-repository\org\apache\curator\curator-recipes\5.4.0\curator-recipes-5.4.0.jar;E:\maven-repository\org\slf4j\slf4j-api\1.7.36\slf4j-api-1.7.36.jar;E:\maven-repository\org\apache\logging\log4j\log4j-slf4j-impl\2.20.0\log4j-slf4j-impl-2.20.0.jar;E:\maven-repository\org\apache\logging\log4j\log4j-core\2.20.0\log4j-core-2.20.0.jar;E:\maven-repository\org\apache\logging\log4j\log4j-api\2.20.0\log4j-api-2.20.0.jar;D:\IntelliJ IDEA 2024.1.1\lib\idea_rt.jar
2025-06-22 23:34:12.934 [main] INFO  org.apache.zookeeper.ZooKeeper - Client environment:java.library.path=E:\Java\jdk1.8.0_361\bin;C:\WINDOWS\Sun\Java\bin;C:\WINDOWS\system32;C:\WINDOWS;D:\VMware\VMware Workstation\bin\;C:\Program Files (x86)\NVIDIA Corporation\PhysX\Common;C:\WINDOWS\system32;C:\WINDOWS;C:\WINDOWS\System32\Wbem;C:\WINDOWS\System32\WindowsPowerShell\v1.0\;C:\WINDOWS\System32\OpenSSH\;D:\Git\cmd;E:\Java\jdk1.8.0_361\bin;E:\apache-maven-3.8.4\bin;D:\Xshell7\;C:\Program Files\dotnet\;C:\Program Files\MySQL\MySQL Shell 8.0\bin\;C:\Users\Administrator\AppData\Local\Microsoft\WindowsApps;D:\IntelliJ IDEA 2024.1.1\bin;;H:\QQgame\Hall.58319\;C:\Users\Administrator\AppData\Local\GitHubDesktop\bin;D:\cursor\resources\app\bin;.
2025-06-22 23:34:12.934 [main] INFO  org.apache.zookeeper.ZooKeeper - Client environment:java.io.tmpdir=C:\Users\ADMINI~1\AppData\Local\Temp\
2025-06-22 23:34:12.934 [main] INFO  org.apache.zookeeper.ZooKeeper - Client environment:java.compiler=<NA>
2025-06-22 23:34:12.934 [main] INFO  org.apache.zookeeper.ZooKeeper - Client environment:os.name=Windows 11
2025-06-22 23:34:12.934 [main] INFO  org.apache.zookeeper.ZooKeeper - Client environment:os.arch=amd64
2025-06-22 23:34:12.934 [main] INFO  org.apache.zookeeper.ZooKeeper - Client environment:os.version=10.0
2025-06-22 23:34:12.934 [main] INFO  org.apache.zookeeper.ZooKeeper - Client environment:user.name=Administrator
2025-06-22 23:34:12.934 [main] INFO  org.apache.zookeeper.ZooKeeper - Client environment:user.home=C:\Users\Administrator
2025-06-22 23:34:12.934 [main] INFO  org.apache.zookeeper.ZooKeeper - Client environment:user.dir=E:\IdeaProjects\goldCode
2025-06-22 23:34:12.934 [main] INFO  org.apache.zookeeper.ZooKeeper - Client environment:os.memory.free=882MB
2025-06-22 23:34:12.934 [main] INFO  org.apache.zookeeper.ZooKeeper - Client environment:os.memory.max=14532MB
2025-06-22 23:34:12.934 [main] INFO  org.apache.zookeeper.ZooKeeper - Client environment:os.memory.total=979MB
2025-06-22 23:34:12.947 [main] INFO  org.apache.zookeeper.ZooKeeper - Initiating client connection, connectString=hadoop202:2181,hadoop203:2181,hadoop204:2181 sessionTimeout=60000 watcher=org.apache.curator.ConnectionState@2f4948e4
2025-06-22 23:34:12.949 [main] INFO  org.apache.zookeeper.common.X509Util - Setting -D jdk.tls.rejectClientInitiatedRenegotiation=true to disable client-initiated TLS renegotiation
2025-06-22 23:34:13.117 [main] INFO  org.apache.zookeeper.ClientCnxnSocket - jute.maxbuffer value is 1048575 Bytes
2025-06-22 23:34:13.122 [main] INFO  org.apache.zookeeper.ClientCnxn - zookeeper.request.timeout value is 0. feature enabled=false
2025-06-22 23:34:13.127 [main-SendThread(hadoop203:2181)] INFO  org.apache.zookeeper.ClientCnxn - Opening socket connection to server hadoop203/192.168.10.203:2181.
2025-06-22 23:34:13.127 [main-SendThread(hadoop203:2181)] INFO  org.apache.zookeeper.ClientCnxn - SASL config status: Will not attempt to authenticate using SASL (unknown error)
2025-06-22 23:34:13.127 [main] INFO  org.apache.curator.framework.imps.CuratorFrameworkImpl - Default schema
2025-06-22 23:34:13.127 [main] INFO  com.CodeCode.utils.ZkCuratorUtil - zk client started
2025-06-22 23:34:13.127 [main-SendThread(hadoop203:2181)] INFO  org.apache.zookeeper.ClientCnxn - Socket connection established, initiating session, client: /192.168.10.15:2099, server: hadoop203/192.168.10.203:2181
2025-06-22 23:34:13.134 [main-SendThread(hadoop203:2181)] INFO  org.apache.zookeeper.ClientCnxn - Session establishment complete on server hadoop203/192.168.10.203:2181, session id = 0x30006401e8c0008, negotiated timeout = 40000
2025-06-22 23:34:13.145 [main-EventThread] INFO  org.apache.curator.framework.imps.EnsembleTracker - New config event received: {version=0, server.4=hadoop204:2888:3888:participant, server.3=hadoop203:2888:3888:participant, server.2=hadoop202:2888:3888:participant}
2025-06-22 23:34:13.149 [main-EventThread] INFO  org.apache.curator.framework.imps.EnsembleTracker - New config event received: {version=0, server.4=hadoop204:2888:3888:participant, server.3=hadoop203:2888:3888:participant, server.2=hadoop202:2888:3888:participant}
2025-06-22 23:34:45.461 [main-EventThread] INFO  com.CodeCode.utils.ZkCuratorUtil - 当前/flag节点数据: SUCfdfdaaf, 已被修正为: SUCCESS
2025-06-22 23:34:50.270 [main-EventThread] INFO  com.CodeCode.utils.ZkCuratorUtil - 当前/flag节点数据: 11111, 已被修正为: SUCCESS
2025-06-22 23:35:16.591 [main] INFO  org.apache.curator.framework.imps.CuratorFrameworkImpl - Starting
2025-06-22 23:35:16.602 [main] INFO  org.apache.zookeeper.ZooKeeper - Client environment:zookeeper.version=3.7.1-a2fb57c55f8e59cdd76c34b357ad5181df1258d5, built on 2022-05-07 06:45 UTC
2025-06-22 23:35:16.602 [main] INFO  org.apache.zookeeper.ZooKeeper - Client environment:host.name=PC
2025-06-22 23:35:16.602 [main] INFO  org.apache.zookeeper.ZooKeeper - Client environment:java.version=1.8.0_361
2025-06-22 23:35:16.602 [main] INFO  org.apache.zookeeper.ZooKeeper - Client environment:java.vendor=Oracle Corporation
2025-06-22 23:35:16.602 [main] INFO  org.apache.zookeeper.ZooKeeper - Client environment:java.home=E:\Java\jdk1.8.0_361\jre
2025-06-22 23:35:16.602 [main] INFO  org.apache.zookeeper.ZooKeeper - Client environment:java.class.path=E:\Java\jdk1.8.0_361\jre\lib\charsets.jar;E:\Java\jdk1.8.0_361\jre\lib\deploy.jar;E:\Java\jdk1.8.0_361\jre\lib\ext\access-bridge-64.jar;E:\Java\jdk1.8.0_361\jre\lib\ext\cldrdata.jar;E:\Java\jdk1.8.0_361\jre\lib\ext\dnsns.jar;E:\Java\jdk1.8.0_361\jre\lib\ext\jaccess.jar;E:\Java\jdk1.8.0_361\jre\lib\ext\jfxrt.jar;E:\Java\jdk1.8.0_361\jre\lib\ext\localedata.jar;E:\Java\jdk1.8.0_361\jre\lib\ext\nashorn.jar;E:\Java\jdk1.8.0_361\jre\lib\ext\sunec.jar;E:\Java\jdk1.8.0_361\jre\lib\ext\sunjce_provider.jar;E:\Java\jdk1.8.0_361\jre\lib\ext\sunmscapi.jar;E:\Java\jdk1.8.0_361\jre\lib\ext\sunpkcs11.jar;E:\Java\jdk1.8.0_361\jre\lib\ext\zipfs.jar;E:\Java\jdk1.8.0_361\jre\lib\javaws.jar;E:\Java\jdk1.8.0_361\jre\lib\jce.jar;E:\Java\jdk1.8.0_361\jre\lib\jfr.jar;E:\Java\jdk1.8.0_361\jre\lib\jfxswt.jar;E:\Java\jdk1.8.0_361\jre\lib\jsse.jar;E:\Java\jdk1.8.0_361\jre\lib\management-agent.jar;E:\Java\jdk1.8.0_361\jre\lib\plugin.jar;E:\Java\jdk1.8.0_361\jre\lib\resources.jar;E:\Java\jdk1.8.0_361\jre\lib\rt.jar;E:\IdeaProjects\goldCode\target\classes;E:\maven-repository\org\apache\curator\curator-framework\5.4.0\curator-framework-5.4.0.jar;E:\maven-repository\org\apache\curator\curator-client\5.4.0\curator-client-5.4.0.jar;E:\maven-repository\org\apache\zookeeper\zookeeper\3.7.1\zookeeper-3.7.1.jar;E:\maven-repository\org\apache\zookeeper\zookeeper-jute\3.7.1\zookeeper-jute-3.7.1.jar;E:\maven-repository\org\apache\yetus\audience-annotations\0.12.0\audience-annotations-0.12.0.jar;E:\maven-repository\io\netty\netty-handler\4.1.76.Final\netty-handler-4.1.76.Final.jar;E:\maven-repository\io\netty\netty-common\4.1.76.Final\netty-common-4.1.76.Final.jar;E:\maven-repository\io\netty\netty-resolver\4.1.76.Final\netty-resolver-4.1.76.Final.jar;E:\maven-repository\io\netty\netty-buffer\4.1.76.Final\netty-buffer-4.1.76.Final.jar;E:\maven-repository\io\netty\netty-transport\4.1.76.Final\netty-transport-4.1.76.Final.jar;E:\maven-repository\io\netty\netty-codec\4.1.76.Final\netty-codec-4.1.76.Final.jar;E:\maven-repository\io\netty\netty-transport-native-epoll\4.1.76.Final\netty-transport-native-epoll-4.1.76.Final.jar;E:\maven-repository\io\netty\netty-transport-native-unix-common\4.1.76.Final\netty-transport-native-unix-common-4.1.76.Final.jar;E:\maven-repository\io\netty\netty-transport-classes-epoll\4.1.76.Final\netty-transport-classes-epoll-4.1.76.Final.jar;E:\maven-repository\com\google\guava\guava\31.1-jre\guava-31.1-jre.jar;E:\maven-repository\com\google\guava\failureaccess\1.0.1\failureaccess-1.0.1.jar;E:\maven-repository\com\google\guava\listenablefuture\9999.0-empty-to-avoid-conflict-with-guava\listenablefuture-9999.0-empty-to-avoid-conflict-with-guava.jar;E:\maven-repository\com\google\code\findbugs\jsr305\3.0.2\jsr305-3.0.2.jar;E:\maven-repository\org\checkerframework\checker-qual\3.12.0\checker-qual-3.12.0.jar;E:\maven-repository\com\google\errorprone\error_prone_annotations\2.11.0\error_prone_annotations-2.11.0.jar;E:\maven-repository\com\google\j2objc\j2objc-annotations\1.3\j2objc-annotations-1.3.jar;E:\maven-repository\org\apache\curator\curator-recipes\5.4.0\curator-recipes-5.4.0.jar;E:\maven-repository\org\slf4j\slf4j-api\1.7.36\slf4j-api-1.7.36.jar;E:\maven-repository\org\apache\logging\log4j\log4j-slf4j-impl\2.20.0\log4j-slf4j-impl-2.20.0.jar;E:\maven-repository\org\apache\logging\log4j\log4j-core\2.20.0\log4j-core-2.20.0.jar;E:\maven-repository\org\apache\logging\log4j\log4j-api\2.20.0\log4j-api-2.20.0.jar;D:\IntelliJ IDEA 2024.1.1\lib\idea_rt.jar
2025-06-22 23:35:16.602 [main] INFO  org.apache.zookeeper.ZooKeeper - Client environment:java.library.path=E:\Java\jdk1.8.0_361\bin;C:\WINDOWS\Sun\Java\bin;C:\WINDOWS\system32;C:\WINDOWS;D:\VMware\VMware Workstation\bin\;C:\Program Files (x86)\NVIDIA Corporation\PhysX\Common;C:\WINDOWS\system32;C:\WINDOWS;C:\WINDOWS\System32\Wbem;C:\WINDOWS\System32\WindowsPowerShell\v1.0\;C:\WINDOWS\System32\OpenSSH\;D:\Git\cmd;E:\Java\jdk1.8.0_361\bin;E:\apache-maven-3.8.4\bin;D:\Xshell7\;C:\Program Files\dotnet\;C:\Program Files\MySQL\MySQL Shell 8.0\bin\;C:\Users\Administrator\AppData\Local\Microsoft\WindowsApps;D:\IntelliJ IDEA 2024.1.1\bin;;H:\QQgame\Hall.58319\;C:\Users\Administrator\AppData\Local\GitHubDesktop\bin;D:\cursor\resources\app\bin;.
2025-06-22 23:35:16.602 [main] INFO  org.apache.zookeeper.ZooKeeper - Client environment:java.io.tmpdir=C:\Users\ADMINI~1\AppData\Local\Temp\
2025-06-22 23:35:16.602 [main] INFO  org.apache.zookeeper.ZooKeeper - Client environment:java.compiler=<NA>
2025-06-22 23:35:16.602 [main] INFO  org.apache.zookeeper.ZooKeeper - Client environment:os.name=Windows 11
2025-06-22 23:35:16.602 [main] INFO  org.apache.zookeeper.ZooKeeper - Client environment:os.arch=amd64
2025-06-22 23:35:16.602 [main] INFO  org.apache.zookeeper.ZooKeeper - Client environment:os.version=10.0
2025-06-22 23:35:16.602 [main] INFO  org.apache.zookeeper.ZooKeeper - Client environment:user.name=Administrator
2025-06-22 23:35:16.602 [main] INFO  org.apache.zookeeper.ZooKeeper - Client environment:user.home=C:\Users\Administrator
2025-06-22 23:35:16.602 [main] INFO  org.apache.zookeeper.ZooKeeper - Client environment:user.dir=E:\IdeaProjects\goldCode
2025-06-22 23:35:16.602 [main] INFO  org.apache.zookeeper.ZooKeeper - Client environment:os.memory.free=882MB
2025-06-22 23:35:16.602 [main] INFO  org.apache.zookeeper.ZooKeeper - Client environment:os.memory.max=14532MB
2025-06-22 23:35:16.602 [main] INFO  org.apache.zookeeper.ZooKeeper - Client environment:os.memory.total=979MB
2025-06-22 23:35:16.614 [main] INFO  org.apache.zookeeper.ZooKeeper - Initiating client connection, connectString=hadoop202:2181,hadoop203:2181,hadoop204:2181 sessionTimeout=60000 watcher=org.apache.curator.ConnectionState@2f4948e4
2025-06-22 23:35:16.618 [main] INFO  org.apache.zookeeper.common.X509Util - Setting -D jdk.tls.rejectClientInitiatedRenegotiation=true to disable client-initiated TLS renegotiation
2025-06-22 23:35:16.789 [main] INFO  org.apache.zookeeper.ClientCnxnSocket - jute.maxbuffer value is 1048575 Bytes
2025-06-22 23:35:16.795 [main] INFO  org.apache.zookeeper.ClientCnxn - zookeeper.request.timeout value is 0. feature enabled=false
2025-06-22 23:35:16.798 [main-SendThread(hadoop202:2181)] INFO  org.apache.zookeeper.ClientCnxn - Opening socket connection to server hadoop202/192.168.10.202:2181.
2025-06-22 23:35:16.798 [main-SendThread(hadoop202:2181)] INFO  org.apache.zookeeper.ClientCnxn - SASL config status: Will not attempt to authenticate using SASL (unknown error)
2025-06-22 23:35:16.800 [main] INFO  org.apache.curator.framework.imps.CuratorFrameworkImpl - Default schema
2025-06-22 23:35:16.800 [main] INFO  com.CodeCode.utils.ZkCuratorUtil - zk client started
2025-06-22 23:35:16.800 [main-SendThread(hadoop202:2181)] INFO  org.apache.zookeeper.ClientCnxn - Socket connection established, initiating session, client: /192.168.10.15:2171, server: hadoop202/192.168.10.202:2181
2025-06-22 23:35:16.804 [main-SendThread(hadoop202:2181)] INFO  org.apache.zookeeper.ClientCnxn - Session establishment complete on server hadoop202/192.168.10.202:2181, session id = 0x200064030760005, negotiated timeout = 40000
2025-06-22 23:35:16.817 [main-EventThread] INFO  org.apache.curator.framework.imps.EnsembleTracker - New config event received: {version=0, server.4=hadoop204:2888:3888:participant, server.3=hadoop203:2888:3888:participant, server.2=hadoop202:2888:3888:participant}
2025-06-22 23:35:16.821 [main-EventThread] INFO  org.apache.curator.framework.imps.EnsembleTracker - New config event received: {version=0, server.4=hadoop204:2888:3888:participant, server.3=hadoop203:2888:3888:participant, server.2=hadoop202:2888:3888:participant}
2025-06-22 23:38:26.651 [main] INFO  org.apache.curator.framework.imps.CuratorFrameworkImpl - Starting
2025-06-22 23:38:26.658 [main] INFO  org.apache.zookeeper.ZooKeeper - Client environment:zookeeper.version=3.7.1-a2fb57c55f8e59cdd76c34b357ad5181df1258d5, built on 2022-05-07 06:45 UTC
2025-06-22 23:38:26.659 [main] INFO  org.apache.zookeeper.ZooKeeper - Client environment:host.name=PC
2025-06-22 23:38:26.659 [main] INFO  org.apache.zookeeper.ZooKeeper - Client environment:java.version=1.8.0_361
2025-06-22 23:38:26.659 [main] INFO  org.apache.zookeeper.ZooKeeper - Client environment:java.vendor=Oracle Corporation
2025-06-22 23:38:26.659 [main] INFO  org.apache.zookeeper.ZooKeeper - Client environment:java.home=E:\Java\jdk1.8.0_361\jre
2025-06-22 23:38:26.659 [main] INFO  org.apache.zookeeper.ZooKeeper - Client environment:java.class.path=E:\Java\jdk1.8.0_361\jre\lib\charsets.jar;E:\Java\jdk1.8.0_361\jre\lib\deploy.jar;E:\Java\jdk1.8.0_361\jre\lib\ext\access-bridge-64.jar;E:\Java\jdk1.8.0_361\jre\lib\ext\cldrdata.jar;E:\Java\jdk1.8.0_361\jre\lib\ext\dnsns.jar;E:\Java\jdk1.8.0_361\jre\lib\ext\jaccess.jar;E:\Java\jdk1.8.0_361\jre\lib\ext\jfxrt.jar;E:\Java\jdk1.8.0_361\jre\lib\ext\localedata.jar;E:\Java\jdk1.8.0_361\jre\lib\ext\nashorn.jar;E:\Java\jdk1.8.0_361\jre\lib\ext\sunec.jar;E:\Java\jdk1.8.0_361\jre\lib\ext\sunjce_provider.jar;E:\Java\jdk1.8.0_361\jre\lib\ext\sunmscapi.jar;E:\Java\jdk1.8.0_361\jre\lib\ext\sunpkcs11.jar;E:\Java\jdk1.8.0_361\jre\lib\ext\zipfs.jar;E:\Java\jdk1.8.0_361\jre\lib\javaws.jar;E:\Java\jdk1.8.0_361\jre\lib\jce.jar;E:\Java\jdk1.8.0_361\jre\lib\jfr.jar;E:\Java\jdk1.8.0_361\jre\lib\jfxswt.jar;E:\Java\jdk1.8.0_361\jre\lib\jsse.jar;E:\Java\jdk1.8.0_361\jre\lib\management-agent.jar;E:\Java\jdk1.8.0_361\jre\lib\plugin.jar;E:\Java\jdk1.8.0_361\jre\lib\resources.jar;E:\Java\jdk1.8.0_361\jre\lib\rt.jar;E:\IdeaProjects\goldCode\target\classes;E:\maven-repository\org\apache\curator\curator-framework\5.4.0\curator-framework-5.4.0.jar;E:\maven-repository\org\apache\curator\curator-client\5.4.0\curator-client-5.4.0.jar;E:\maven-repository\org\apache\zookeeper\zookeeper\3.7.1\zookeeper-3.7.1.jar;E:\maven-repository\org\apache\zookeeper\zookeeper-jute\3.7.1\zookeeper-jute-3.7.1.jar;E:\maven-repository\org\apache\yetus\audience-annotations\0.12.0\audience-annotations-0.12.0.jar;E:\maven-repository\io\netty\netty-handler\4.1.76.Final\netty-handler-4.1.76.Final.jar;E:\maven-repository\io\netty\netty-common\4.1.76.Final\netty-common-4.1.76.Final.jar;E:\maven-repository\io\netty\netty-resolver\4.1.76.Final\netty-resolver-4.1.76.Final.jar;E:\maven-repository\io\netty\netty-buffer\4.1.76.Final\netty-buffer-4.1.76.Final.jar;E:\maven-repository\io\netty\netty-transport\4.1.76.Final\netty-transport-4.1.76.Final.jar;E:\maven-repository\io\netty\netty-codec\4.1.76.Final\netty-codec-4.1.76.Final.jar;E:\maven-repository\io\netty\netty-transport-native-epoll\4.1.76.Final\netty-transport-native-epoll-4.1.76.Final.jar;E:\maven-repository\io\netty\netty-transport-native-unix-common\4.1.76.Final\netty-transport-native-unix-common-4.1.76.Final.jar;E:\maven-repository\io\netty\netty-transport-classes-epoll\4.1.76.Final\netty-transport-classes-epoll-4.1.76.Final.jar;E:\maven-repository\com\google\guava\guava\31.1-jre\guava-31.1-jre.jar;E:\maven-repository\com\google\guava\failureaccess\1.0.1\failureaccess-1.0.1.jar;E:\maven-repository\com\google\guava\listenablefuture\9999.0-empty-to-avoid-conflict-with-guava\listenablefuture-9999.0-empty-to-avoid-conflict-with-guava.jar;E:\maven-repository\com\google\code\findbugs\jsr305\3.0.2\jsr305-3.0.2.jar;E:\maven-repository\org\checkerframework\checker-qual\3.12.0\checker-qual-3.12.0.jar;E:\maven-repository\com\google\errorprone\error_prone_annotations\2.11.0\error_prone_annotations-2.11.0.jar;E:\maven-repository\com\google\j2objc\j2objc-annotations\1.3\j2objc-annotations-1.3.jar;E:\maven-repository\org\apache\curator\curator-recipes\5.4.0\curator-recipes-5.4.0.jar;E:\maven-repository\org\slf4j\slf4j-api\1.7.36\slf4j-api-1.7.36.jar;E:\maven-repository\org\apache\logging\log4j\log4j-slf4j-impl\2.20.0\log4j-slf4j-impl-2.20.0.jar;E:\maven-repository\org\apache\logging\log4j\log4j-core\2.20.0\log4j-core-2.20.0.jar;E:\maven-repository\org\apache\logging\log4j\log4j-api\2.20.0\log4j-api-2.20.0.jar;D:\IntelliJ IDEA 2024.1.1\lib\idea_rt.jar
2025-06-22 23:38:26.659 [main] INFO  org.apache.zookeeper.ZooKeeper - Client environment:java.library.path=E:\Java\jdk1.8.0_361\bin;C:\WINDOWS\Sun\Java\bin;C:\WINDOWS\system32;C:\WINDOWS;D:\VMware\VMware Workstation\bin\;C:\Program Files (x86)\NVIDIA Corporation\PhysX\Common;C:\WINDOWS\system32;C:\WINDOWS;C:\WINDOWS\System32\Wbem;C:\WINDOWS\System32\WindowsPowerShell\v1.0\;C:\WINDOWS\System32\OpenSSH\;D:\Git\cmd;E:\Java\jdk1.8.0_361\bin;E:\apache-maven-3.8.4\bin;D:\Xshell7\;C:\Program Files\dotnet\;C:\Program Files\MySQL\MySQL Shell 8.0\bin\;C:\Users\Administrator\AppData\Local\Microsoft\WindowsApps;D:\IntelliJ IDEA 2024.1.1\bin;;H:\QQgame\Hall.58319\;C:\Users\Administrator\AppData\Local\GitHubDesktop\bin;D:\cursor\resources\app\bin;.
2025-06-22 23:38:26.659 [main] INFO  org.apache.zookeeper.ZooKeeper - Client environment:java.io.tmpdir=C:\Users\ADMINI~1\AppData\Local\Temp\
2025-06-22 23:38:26.659 [main] INFO  org.apache.zookeeper.ZooKeeper - Client environment:java.compiler=<NA>
2025-06-22 23:38:26.659 [main] INFO  org.apache.zookeeper.ZooKeeper - Client environment:os.name=Windows 11
2025-06-22 23:38:26.659 [main] INFO  org.apache.zookeeper.ZooKeeper - Client environment:os.arch=amd64
2025-06-22 23:38:26.659 [main] INFO  org.apache.zookeeper.ZooKeeper - Client environment:os.version=10.0
2025-06-22 23:38:26.659 [main] INFO  org.apache.zookeeper.ZooKeeper - Client environment:user.name=Administrator
2025-06-22 23:38:26.659 [main] INFO  org.apache.zookeeper.ZooKeeper - Client environment:user.home=C:\Users\Administrator
2025-06-22 23:38:26.659 [main] INFO  org.apache.zookeeper.ZooKeeper - Client environment:user.dir=E:\IdeaProjects\goldCode
2025-06-22 23:38:26.659 [main] INFO  org.apache.zookeeper.ZooKeeper - Client environment:os.memory.free=882MB
2025-06-22 23:38:26.659 [main] INFO  org.apache.zookeeper.ZooKeeper - Client environment:os.memory.max=14532MB
2025-06-22 23:38:26.659 [main] INFO  org.apache.zookeeper.ZooKeeper - Client environment:os.memory.total=979MB
2025-06-22 23:38:26.671 [main] INFO  org.apache.zookeeper.ZooKeeper - Initiating client connection, connectString=hadoop202:2181,hadoop203:2181,hadoop204:2181 sessionTimeout=60000 watcher=org.apache.curator.ConnectionState@2f4948e4
2025-06-22 23:38:26.673 [main] INFO  org.apache.zookeeper.common.X509Util - Setting -D jdk.tls.rejectClientInitiatedRenegotiation=true to disable client-initiated TLS renegotiation
2025-06-22 23:38:26.856 [main] INFO  org.apache.zookeeper.ClientCnxnSocket - jute.maxbuffer value is 1048575 Bytes
2025-06-22 23:38:26.861 [main] INFO  org.apache.zookeeper.ClientCnxn - zookeeper.request.timeout value is 0. feature enabled=false
2025-06-22 23:38:26.866 [main] INFO  org.apache.curator.framework.imps.CuratorFrameworkImpl - Default schema
2025-06-22 23:38:26.866 [main] INFO  com.CodeCode.utils.ZkCuratorUtil - zk client started
2025-06-22 23:38:26.867 [main-SendThread(hadoop204:2181)] INFO  org.apache.zookeeper.ClientCnxn - Opening socket connection to server hadoop204/192.168.10.204:2181.
2025-06-22 23:38:26.867 [main-SendThread(hadoop204:2181)] INFO  org.apache.zookeeper.ClientCnxn - SASL config status: Will not attempt to authenticate using SASL (unknown error)
2025-06-22 23:38:26.868 [main-SendThread(hadoop204:2181)] INFO  org.apache.zookeeper.ClientCnxn - Socket connection established, initiating session, client: /192.168.10.15:2490, server: hadoop204/192.168.10.204:2181
2025-06-22 23:38:26.878 [main-SendThread(hadoop204:2181)] INFO  org.apache.zookeeper.ClientCnxn - Session establishment complete on server hadoop204/192.168.10.204:2181, session id = 0x40005bbcfa00006, negotiated timeout = 40000
2025-06-22 23:38:26.892 [main-EventThread] INFO  org.apache.curator.framework.imps.EnsembleTracker - New config event received: {version=0, server.4=hadoop204:2888:3888:participant, server.3=hadoop203:2888:3888:participant, server.2=hadoop202:2888:3888:participant}
2025-06-22 23:38:26.897 [main-EventThread] INFO  org.apache.curator.framework.imps.EnsembleTracker - New config event received: {version=0, server.4=hadoop204:2888:3888:participant, server.3=hadoop203:2888:3888:participant, server.2=hadoop202:2888:3888:participant}
2025-06-22 23:41:22.502 [main] INFO  org.apache.curator.framework.imps.CuratorFrameworkImpl - Starting
2025-06-22 23:41:22.512 [main] INFO  org.apache.zookeeper.ZooKeeper - Client environment:zookeeper.version=3.7.1-a2fb57c55f8e59cdd76c34b357ad5181df1258d5, built on 2022-05-07 06:45 UTC
2025-06-22 23:41:22.512 [main] INFO  org.apache.zookeeper.ZooKeeper - Client environment:host.name=PC
2025-06-22 23:41:22.512 [main] INFO  org.apache.zookeeper.ZooKeeper - Client environment:java.version=1.8.0_361
2025-06-22 23:41:22.512 [main] INFO  org.apache.zookeeper.ZooKeeper - Client environment:java.vendor=Oracle Corporation
2025-06-22 23:41:22.512 [main] INFO  org.apache.zookeeper.ZooKeeper - Client environment:java.home=E:\Java\jdk1.8.0_361\jre
2025-06-22 23:41:22.512 [main] INFO  org.apache.zookeeper.ZooKeeper - Client environment:java.class.path=E:\Java\jdk1.8.0_361\jre\lib\charsets.jar;E:\Java\jdk1.8.0_361\jre\lib\deploy.jar;E:\Java\jdk1.8.0_361\jre\lib\ext\access-bridge-64.jar;E:\Java\jdk1.8.0_361\jre\lib\ext\cldrdata.jar;E:\Java\jdk1.8.0_361\jre\lib\ext\dnsns.jar;E:\Java\jdk1.8.0_361\jre\lib\ext\jaccess.jar;E:\Java\jdk1.8.0_361\jre\lib\ext\jfxrt.jar;E:\Java\jdk1.8.0_361\jre\lib\ext\localedata.jar;E:\Java\jdk1.8.0_361\jre\lib\ext\nashorn.jar;E:\Java\jdk1.8.0_361\jre\lib\ext\sunec.jar;E:\Java\jdk1.8.0_361\jre\lib\ext\sunjce_provider.jar;E:\Java\jdk1.8.0_361\jre\lib\ext\sunmscapi.jar;E:\Java\jdk1.8.0_361\jre\lib\ext\sunpkcs11.jar;E:\Java\jdk1.8.0_361\jre\lib\ext\zipfs.jar;E:\Java\jdk1.8.0_361\jre\lib\javaws.jar;E:\Java\jdk1.8.0_361\jre\lib\jce.jar;E:\Java\jdk1.8.0_361\jre\lib\jfr.jar;E:\Java\jdk1.8.0_361\jre\lib\jfxswt.jar;E:\Java\jdk1.8.0_361\jre\lib\jsse.jar;E:\Java\jdk1.8.0_361\jre\lib\management-agent.jar;E:\Java\jdk1.8.0_361\jre\lib\plugin.jar;E:\Java\jdk1.8.0_361\jre\lib\resources.jar;E:\Java\jdk1.8.0_361\jre\lib\rt.jar;E:\IdeaProjects\goldCode\target\classes;E:\maven-repository\org\apache\curator\curator-framework\5.4.0\curator-framework-5.4.0.jar;E:\maven-repository\org\apache\curator\curator-client\5.4.0\curator-client-5.4.0.jar;E:\maven-repository\org\apache\zookeeper\zookeeper\3.7.1\zookeeper-3.7.1.jar;E:\maven-repository\org\apache\zookeeper\zookeeper-jute\3.7.1\zookeeper-jute-3.7.1.jar;E:\maven-repository\org\apache\yetus\audience-annotations\0.12.0\audience-annotations-0.12.0.jar;E:\maven-repository\io\netty\netty-handler\4.1.76.Final\netty-handler-4.1.76.Final.jar;E:\maven-repository\io\netty\netty-common\4.1.76.Final\netty-common-4.1.76.Final.jar;E:\maven-repository\io\netty\netty-resolver\4.1.76.Final\netty-resolver-4.1.76.Final.jar;E:\maven-repository\io\netty\netty-buffer\4.1.76.Final\netty-buffer-4.1.76.Final.jar;E:\maven-repository\io\netty\netty-transport\4.1.76.Final\netty-transport-4.1.76.Final.jar;E:\maven-repository\io\netty\netty-codec\4.1.76.Final\netty-codec-4.1.76.Final.jar;E:\maven-repository\io\netty\netty-transport-native-epoll\4.1.76.Final\netty-transport-native-epoll-4.1.76.Final.jar;E:\maven-repository\io\netty\netty-transport-native-unix-common\4.1.76.Final\netty-transport-native-unix-common-4.1.76.Final.jar;E:\maven-repository\io\netty\netty-transport-classes-epoll\4.1.76.Final\netty-transport-classes-epoll-4.1.76.Final.jar;E:\maven-repository\com\google\guava\guava\31.1-jre\guava-31.1-jre.jar;E:\maven-repository\com\google\guava\failureaccess\1.0.1\failureaccess-1.0.1.jar;E:\maven-repository\com\google\guava\listenablefuture\9999.0-empty-to-avoid-conflict-with-guava\listenablefuture-9999.0-empty-to-avoid-conflict-with-guava.jar;E:\maven-repository\com\google\code\findbugs\jsr305\3.0.2\jsr305-3.0.2.jar;E:\maven-repository\org\checkerframework\checker-qual\3.12.0\checker-qual-3.12.0.jar;E:\maven-repository\com\google\errorprone\error_prone_annotations\2.11.0\error_prone_annotations-2.11.0.jar;E:\maven-repository\com\google\j2objc\j2objc-annotations\1.3\j2objc-annotations-1.3.jar;E:\maven-repository\org\apache\curator\curator-recipes\5.4.0\curator-recipes-5.4.0.jar;E:\maven-repository\org\slf4j\slf4j-api\1.7.36\slf4j-api-1.7.36.jar;E:\maven-repository\org\apache\logging\log4j\log4j-slf4j-impl\2.20.0\log4j-slf4j-impl-2.20.0.jar;E:\maven-repository\org\apache\logging\log4j\log4j-core\2.20.0\log4j-core-2.20.0.jar;E:\maven-repository\org\apache\logging\log4j\log4j-api\2.20.0\log4j-api-2.20.0.jar;D:\IntelliJ IDEA 2024.1.1\lib\idea_rt.jar
2025-06-22 23:41:22.512 [main] INFO  org.apache.zookeeper.ZooKeeper - Client environment:java.library.path=E:\Java\jdk1.8.0_361\bin;C:\WINDOWS\Sun\Java\bin;C:\WINDOWS\system32;C:\WINDOWS;D:\VMware\VMware Workstation\bin\;C:\Program Files (x86)\NVIDIA Corporation\PhysX\Common;C:\WINDOWS\system32;C:\WINDOWS;C:\WINDOWS\System32\Wbem;C:\WINDOWS\System32\WindowsPowerShell\v1.0\;C:\WINDOWS\System32\OpenSSH\;D:\Git\cmd;E:\Java\jdk1.8.0_361\bin;E:\apache-maven-3.8.4\bin;D:\Xshell7\;C:\Program Files\dotnet\;C:\Program Files\MySQL\MySQL Shell 8.0\bin\;C:\Users\Administrator\AppData\Local\Microsoft\WindowsApps;D:\IntelliJ IDEA 2024.1.1\bin;;H:\QQgame\Hall.58319\;C:\Users\Administrator\AppData\Local\GitHubDesktop\bin;D:\cursor\resources\app\bin;.
2025-06-22 23:41:22.512 [main] INFO  org.apache.zookeeper.ZooKeeper - Client environment:java.io.tmpdir=C:\Users\ADMINI~1\AppData\Local\Temp\
2025-06-22 23:41:22.512 [main] INFO  org.apache.zookeeper.ZooKeeper - Client environment:java.compiler=<NA>
2025-06-22 23:41:22.512 [main] INFO  org.apache.zookeeper.ZooKeeper - Client environment:os.name=Windows 11
2025-06-22 23:41:22.512 [main] INFO  org.apache.zookeeper.ZooKeeper - Client environment:os.arch=amd64
2025-06-22 23:41:22.512 [main] INFO  org.apache.zookeeper.ZooKeeper - Client environment:os.version=10.0
2025-06-22 23:41:22.512 [main] INFO  org.apache.zookeeper.ZooKeeper - Client environment:user.name=Administrator
2025-06-22 23:41:22.512 [main] INFO  org.apache.zookeeper.ZooKeeper - Client environment:user.home=C:\Users\Administrator
2025-06-22 23:41:22.512 [main] INFO  org.apache.zookeeper.ZooKeeper - Client environment:user.dir=E:\IdeaProjects\goldCode
2025-06-22 23:41:22.512 [main] INFO  org.apache.zookeeper.ZooKeeper - Client environment:os.memory.free=882MB
2025-06-22 23:41:22.513 [main] INFO  org.apache.zookeeper.ZooKeeper - Client environment:os.memory.max=14532MB
2025-06-22 23:41:22.513 [main] INFO  org.apache.zookeeper.ZooKeeper - Client environment:os.memory.total=979MB
2025-06-22 23:41:22.524 [main] INFO  org.apache.zookeeper.ZooKeeper - Initiating client connection, connectString=hadoop202:2181,hadoop203:2181,hadoop204:2181 sessionTimeout=60000 watcher=org.apache.curator.ConnectionState@7e6f74c
2025-06-22 23:41:22.527 [main] INFO  org.apache.zookeeper.common.X509Util - Setting -D jdk.tls.rejectClientInitiatedRenegotiation=true to disable client-initiated TLS renegotiation
2025-06-22 23:41:22.712 [main] INFO  org.apache.zookeeper.ClientCnxnSocket - jute.maxbuffer value is 1048575 Bytes
2025-06-22 23:41:22.718 [main] INFO  org.apache.zookeeper.ClientCnxn - zookeeper.request.timeout value is 0. feature enabled=false
2025-06-22 23:41:22.722 [main-SendThread(hadoop204:2181)] INFO  org.apache.zookeeper.ClientCnxn - Opening socket connection to server hadoop204/192.168.10.204:2181.
2025-06-22 23:41:22.722 [main-SendThread(hadoop204:2181)] INFO  org.apache.zookeeper.ClientCnxn - SASL config status: Will not attempt to authenticate using SASL (unknown error)
2025-06-22 23:41:22.722 [main] INFO  org.apache.curator.framework.imps.CuratorFrameworkImpl - Default schema
2025-06-22 23:41:22.722 [main] INFO  com.CodeCode.utils.ZkCuratorUtil - zk client started
2025-06-22 23:41:22.723 [main-SendThread(hadoop204:2181)] INFO  org.apache.zookeeper.ClientCnxn - Socket connection established, initiating session, client: /192.168.10.15:2669, server: hadoop204/192.168.10.204:2181
2025-06-22 23:41:22.730 [main-SendThread(hadoop204:2181)] INFO  org.apache.zookeeper.ClientCnxn - Session establishment complete on server hadoop204/192.168.10.204:2181, session id = 0x40005bbcfa00007, negotiated timeout = 40000
2025-06-22 23:41:22.745 [main-EventThread] INFO  org.apache.curator.framework.imps.EnsembleTracker - New config event received: {version=0, server.4=hadoop204:2888:3888:participant, server.3=hadoop203:2888:3888:participant, server.2=hadoop202:2888:3888:participant}
2025-06-22 23:41:22.751 [main-EventThread] INFO  org.apache.curator.framework.imps.EnsembleTracker - New config event received: {version=0, server.4=hadoop204:2888:3888:participant, server.3=hadoop203:2888:3888:participant, server.2=hadoop202:2888:3888:participant}
2025-06-22 23:47:00.581 [main] INFO  com.CodeCode.utils.ZkCuratorUtil - zk client started
